** Drc report for IMD_Carrier.kicad_pcb **
** Created on 2026-04-10T14:00:01+0100 **

** Found 9 DRC violations **
[clearance]: Clearance violation (netclass 'Default' clearance 0.2000 mm; actual 0.1500 mm)
    Rule: netclass 'Default'; error
    @(107.3875 mm, 116.0250 mm): Pad 1 [IMD_Fault_SCS] of U2 on F.Cu
    @(107.3875 mm, 116.6750 mm): Pad 2 [IMD_fault] of U2 on F.Cu
[clearance]: Clearance violation (netclass 'Default' clearance 0.2000 mm; actual 0.1500 mm)
    Rule: netclass 'Default'; error
    @(107.3875 mm, 116.6750 mm): Pad 2 [IMD_fault] of U2 on F.Cu
    @(107.3875 mm, 117.3250 mm): Pad 3 [8.5V_Ref] of U2 on F.Cu
[clearance]: Clearance violation (netclass 'Default' clearance 0.2000 mm; actual 0.1500 mm)
    Rule: netclass 'Default'; error
    @(107.3875 mm, 117.3250 mm): Pad 3 [8.5V_Ref] of U2 on F.Cu
    @(107.3875 mm, 117.9750 mm): Pad 4 [GND] of U2 on F.Cu
[clearance]: Clearance violation (netclass 'Default' clearance 0.2000 mm; actual 0.1500 mm)
    Rule: netclass 'Default'; error
    @(111.6125 mm, 117.9750 mm): Pad 5 [IMD_fault] of U2 on F.Cu
    @(111.6125 mm, 117.3250 mm): Pad 6 [9.5V_Ref] of U2 on F.Cu
[clearance]: Clearance violation (netclass 'Default' clearance 0.2000 mm; actual 0.1500 mm)
    Rule: netclass 'Default'; error
    @(111.6125 mm, 117.3250 mm): Pad 6 [9.5V_Ref] of U2 on F.Cu
    @(111.6125 mm, 116.6750 mm): Pad 7 [IMD_Fault_SCS] of U2 on F.Cu
[clearance]: Clearance violation (netclass 'Default' clearance 0.2000 mm; actual 0.1500 mm)
    Rule: netclass 'Default'; error
    @(111.6125 mm, 116.6750 mm): Pad 7 [IMD_Fault_SCS] of U2 on F.Cu
    @(111.6125 mm, 116.0250 mm): Pad 8 [+12V] of U2 on F.Cu
[starved_thermal]: Thermal relief connection to zone incomplete (layer B.Cu; zone min spoke count 2; actual 1)
    Local override; error
    @(99.4000 mm, 23.2000 mm): Zone [GND] on F.Cu and B.Cu, priority 0
    @(112.1000 mm, 27.2000 mm): PTH pad 1 [GND] of J1
[starved_thermal]: Thermal relief connection to zone incomplete (layer F.Cu; zone min spoke count 2; actual 1)
    Local override; error
    @(99.4000 mm, 23.2000 mm): Zone [GND] on F.Cu and B.Cu, priority 0
    @(124.9125 mm, 123.0000 mm): Pad 2 [GND] of R9 on F.Cu
[starved_thermal]: Thermal relief connection to zone incomplete (layer F.Cu; zone min spoke count 2; actual 1)
    Local override; error
    @(99.4000 mm, 23.2000 mm): Zone [GND] on F.Cu and B.Cu, priority 0
    @(112.9125 mm, 123.0000 mm): Pad 2 [GND] of R10 on F.Cu

** Found 8 unconnected pads **
[unconnected_items]: Missing connection between items
    Local override; error
    @(107.3875 mm, 117.9750 mm): Pad 4 [GND] of U2 on F.Cu
    @(99.4000 mm, 23.2000 mm): Zone [GND] on F.Cu and B.Cu, priority 0
[unconnected_items]: Missing connection between items
    Local override; error
    @(112.1000 mm, 27.2000 mm): PTH pad 1 [GND] of J1
    @(99.4000 mm, 23.2000 mm): Zone [GND] on F.Cu and B.Cu, priority 0
[unconnected_items]: Missing connection between items
    Local override; error
    @(99.4000 mm, 23.2000 mm): Zone [GND] on F.Cu and B.Cu, priority 0
    @(99.4000 mm, 23.2000 mm): Zone [GND] on F.Cu and B.Cu, priority 0
[unconnected_items]: Missing connection between items
    Local override; error
    @(99.4000 mm, 23.2000 mm): Zone [GND] on F.Cu and B.Cu, priority 0
    @(99.4000 mm, 23.2000 mm): Zone [GND] on F.Cu and B.Cu, priority 0
[unconnected_items]: Missing connection between items
    Local override; error
    @(99.4000 mm, 23.2000 mm): Zone [GND] on F.Cu and B.Cu, priority 0
    @(99.4000 mm, 23.2000 mm): Zone [GND] on F.Cu and B.Cu, priority 0
[unconnected_items]: Missing connection between items
    Local override; error
    @(99.4000 mm, 23.2000 mm): Zone [GND] on F.Cu and B.Cu, priority 0
    @(99.4000 mm, 23.2000 mm): Zone [GND] on F.Cu and B.Cu, priority 0
[unconnected_items]: Missing connection between items
    Local override; error
    @(99.4000 mm, 23.2000 mm): Zone [GND] on F.Cu and B.Cu, priority 0
    @(152.6000 mm, 27.4000 mm): PTH pad 4 [GND] of J4
[unconnected_items]: Missing connection between items
    Local override; error
    @(99.4000 mm, 23.2000 mm): Zone [GND] on F.Cu and B.Cu, priority 0
    @(99.4000 mm, 23.2000 mm): Zone [GND] on F.Cu and B.Cu, priority 0

** Found 0 Footprint errors **

** End of Report **
